ARM GAS  /tmp/cc52fpGd.s 			page 1


   1              		.cpu cortex-m7
   2              		.eabi_attribute 28, 1
   3              		.eabi_attribute 20, 1
   4              		.eabi_attribute 21, 1
   5              		.eabi_attribute 23, 3
   6              		.eabi_attribute 24, 1
   7              		.eabi_attribute 25, 1
   8              		.eabi_attribute 26, 1
   9              		.eabi_attribute 30, 1
  10              		.eabi_attribute 34, 1
  11              		.eabi_attribute 18, 4
  12              		.file	"dac.c"
  13              		.text
  14              	.Ltext0:
  15              		.cfi_sections	.debug_frame
  16              		.section	.text.MX_DAC1_Init,"ax",%progbits
  17              		.align	1
  18              		.global	MX_DAC1_Init
  19              		.arch armv7e-m
  20              		.syntax unified
  21              		.thumb
  22              		.thumb_func
  23              		.fpu fpv5-d16
  25              	MX_DAC1_Init:
  26              	.LFB144:
  27              		.file 1 "Core/Src/dac.c"
   1:Core/Src/dac.c **** /**
   2:Core/Src/dac.c ****   ******************************************************************************
   3:Core/Src/dac.c ****   * @file    dac.c
   4:Core/Src/dac.c ****   * @brief   This file provides code for the configuration
   5:Core/Src/dac.c ****   *          of the DAC instances.
   6:Core/Src/dac.c ****   ******************************************************************************
   7:Core/Src/dac.c ****   * @attention
   8:Core/Src/dac.c ****   *
   9:Core/Src/dac.c ****   * <h2><center>&copy; Copyright (c) 2022 STMicroelectronics.
  10:Core/Src/dac.c ****   * All rights reserved.</center></h2>
  11:Core/Src/dac.c ****   *
  12:Core/Src/dac.c ****   * This software component is licensed by ST under Ultimate Liberty license
  13:Core/Src/dac.c ****   * SLA0044, the "License"; You may not use this file except in compliance with
  14:Core/Src/dac.c ****   * the License. You may obtain a copy of the License at:
  15:Core/Src/dac.c ****   *                             www.st.com/SLA0044
  16:Core/Src/dac.c ****   *
  17:Core/Src/dac.c ****   ******************************************************************************
  18:Core/Src/dac.c ****   */
  19:Core/Src/dac.c **** 
  20:Core/Src/dac.c **** /* Includes ------------------------------------------------------------------*/
  21:Core/Src/dac.c **** #include "dac.h"
  22:Core/Src/dac.c **** 
  23:Core/Src/dac.c **** /* USER CODE BEGIN 0 */
  24:Core/Src/dac.c **** 
  25:Core/Src/dac.c **** /* USER CODE END 0 */
  26:Core/Src/dac.c **** 
  27:Core/Src/dac.c **** DAC_HandleTypeDef hdac1;
  28:Core/Src/dac.c **** 
  29:Core/Src/dac.c **** /* DAC1 init function */
  30:Core/Src/dac.c **** void MX_DAC1_Init(void)
  31:Core/Src/dac.c **** {
ARM GAS  /tmp/cc52fpGd.s 			page 2


  28              		.loc 1 31 1 view -0
  29              		.cfi_startproc
  30              		@ args = 0, pretend = 0, frame = 40
  31              		@ frame_needed = 0, uses_anonymous_args = 0
  32 0000 00B5     		push	{lr}
  33              	.LCFI0:
  34              		.cfi_def_cfa_offset 4
  35              		.cfi_offset 14, -4
  36 0002 8BB0     		sub	sp, sp, #44
  37              	.LCFI1:
  38              		.cfi_def_cfa_offset 48
  32:Core/Src/dac.c **** 
  33:Core/Src/dac.c ****   /* USER CODE BEGIN DAC1_Init 0 */
  34:Core/Src/dac.c **** 
  35:Core/Src/dac.c ****   /* USER CODE END DAC1_Init 0 */
  36:Core/Src/dac.c **** 
  37:Core/Src/dac.c ****   DAC_ChannelConfTypeDef sConfig = {0};
  39              		.loc 1 37 3 view .LVU1
  40              		.loc 1 37 26 is_stmt 0 view .LVU2
  41 0004 2422     		movs	r2, #36
  42 0006 0021     		movs	r1, #0
  43 0008 01A8     		add	r0, sp, #4
  44 000a FFF7FEFF 		bl	memset
  45              	.LVL0:
  38:Core/Src/dac.c **** 
  39:Core/Src/dac.c ****   /* USER CODE BEGIN DAC1_Init 1 */
  40:Core/Src/dac.c **** 
  41:Core/Src/dac.c ****   /* USER CODE END DAC1_Init 1 */
  42:Core/Src/dac.c ****   /** DAC Initialization
  43:Core/Src/dac.c ****   */
  44:Core/Src/dac.c ****   hdac1.Instance = DAC1;
  46              		.loc 1 44 3 is_stmt 1 view .LVU3
  47              		.loc 1 44 18 is_stmt 0 view .LVU4
  48 000e 1248     		ldr	r0, .L9
  49 0010 124B     		ldr	r3, .L9+4
  50 0012 0360     		str	r3, [r0]
  45:Core/Src/dac.c ****   if (HAL_DAC_Init(&hdac1) != HAL_OK)
  51              		.loc 1 45 3 is_stmt 1 view .LVU5
  52              		.loc 1 45 7 is_stmt 0 view .LVU6
  53 0014 FFF7FEFF 		bl	HAL_DAC_Init
  54              	.LVL1:
  55              		.loc 1 45 6 view .LVU7
  56 0018 A0B9     		cbnz	r0, .L6
  57              	.L2:
  46:Core/Src/dac.c ****   {
  47:Core/Src/dac.c ****     Error_Handler();
  48:Core/Src/dac.c ****   }
  49:Core/Src/dac.c ****   /** DAC channel OUT1 config
  50:Core/Src/dac.c ****   */
  51:Core/Src/dac.c ****   sConfig.DAC_SampleAndHold = DAC_SAMPLEANDHOLD_DISABLE;
  58              		.loc 1 51 3 is_stmt 1 view .LVU8
  59              		.loc 1 51 29 is_stmt 0 view .LVU9
  60 001a 0022     		movs	r2, #0
  61 001c 0192     		str	r2, [sp, #4]
  52:Core/Src/dac.c ****   sConfig.DAC_Trigger = DAC_TRIGGER_NONE;
  62              		.loc 1 52 3 is_stmt 1 view .LVU10
  63              		.loc 1 52 23 is_stmt 0 view .LVU11
ARM GAS  /tmp/cc52fpGd.s 			page 3


  64 001e 0292     		str	r2, [sp, #8]
  53:Core/Src/dac.c ****   sConfig.DAC_OutputBuffer = DAC_OUTPUTBUFFER_ENABLE;
  65              		.loc 1 53 3 is_stmt 1 view .LVU12
  66              		.loc 1 53 28 is_stmt 0 view .LVU13
  67 0020 0392     		str	r2, [sp, #12]
  54:Core/Src/dac.c ****   sConfig.DAC_ConnectOnChipPeripheral = DAC_CHIPCONNECT_DISABLE;
  68              		.loc 1 54 3 is_stmt 1 view .LVU14
  69              		.loc 1 54 39 is_stmt 0 view .LVU15
  70 0022 0123     		movs	r3, #1
  71 0024 0493     		str	r3, [sp, #16]
  55:Core/Src/dac.c ****   sConfig.DAC_UserTrimming = DAC_TRIMMING_FACTORY;
  72              		.loc 1 55 3 is_stmt 1 view .LVU16
  73              		.loc 1 55 28 is_stmt 0 view .LVU17
  74 0026 0592     		str	r2, [sp, #20]
  56:Core/Src/dac.c ****   if (HAL_DAC_ConfigChannel(&hdac1, &sConfig, DAC_CHANNEL_1) != HAL_OK)
  75              		.loc 1 56 3 is_stmt 1 view .LVU18
  76              		.loc 1 56 7 is_stmt 0 view .LVU19
  77 0028 01A9     		add	r1, sp, #4
  78 002a 0B48     		ldr	r0, .L9
  79 002c FFF7FEFF 		bl	HAL_DAC_ConfigChannel
  80              	.LVL2:
  81              		.loc 1 56 6 view .LVU20
  82 0030 58B9     		cbnz	r0, .L7
  83              	.L3:
  57:Core/Src/dac.c ****   {
  58:Core/Src/dac.c ****     Error_Handler();
  59:Core/Src/dac.c ****   }
  60:Core/Src/dac.c ****   /** DAC channel OUT2 config
  61:Core/Src/dac.c ****   */
  62:Core/Src/dac.c ****   if (HAL_DAC_ConfigChannel(&hdac1, &sConfig, DAC_CHANNEL_2) != HAL_OK)
  84              		.loc 1 62 3 is_stmt 1 view .LVU21
  85              		.loc 1 62 7 is_stmt 0 view .LVU22
  86 0032 1022     		movs	r2, #16
  87 0034 01A9     		add	r1, sp, #4
  88 0036 0848     		ldr	r0, .L9
  89 0038 FFF7FEFF 		bl	HAL_DAC_ConfigChannel
  90              	.LVL3:
  91              		.loc 1 62 6 view .LVU23
  92 003c 40B9     		cbnz	r0, .L8
  93              	.L1:
  63:Core/Src/dac.c ****   {
  64:Core/Src/dac.c ****     Error_Handler();
  65:Core/Src/dac.c ****   }
  66:Core/Src/dac.c ****   /* USER CODE BEGIN DAC1_Init 2 */
  67:Core/Src/dac.c **** 
  68:Core/Src/dac.c ****   /* USER CODE END DAC1_Init 2 */
  69:Core/Src/dac.c **** 
  70:Core/Src/dac.c **** }
  94              		.loc 1 70 1 view .LVU24
  95 003e 0BB0     		add	sp, sp, #44
  96              	.LCFI2:
  97              		.cfi_remember_state
  98              		.cfi_def_cfa_offset 4
  99              		@ sp needed
 100 0040 5DF804FB 		ldr	pc, [sp], #4
 101              	.L6:
 102              	.LCFI3:
ARM GAS  /tmp/cc52fpGd.s 			page 4


 103              		.cfi_restore_state
  47:Core/Src/dac.c ****   }
 104              		.loc 1 47 5 is_stmt 1 view .LVU25
 105 0044 FFF7FEFF 		bl	Error_Handler
 106              	.LVL4:
 107 0048 E7E7     		b	.L2
 108              	.L7:
  58:Core/Src/dac.c ****   }
 109              		.loc 1 58 5 view .LVU26
 110 004a FFF7FEFF 		bl	Error_Handler
 111              	.LVL5:
 112 004e F0E7     		b	.L3
 113              	.L8:
  64:Core/Src/dac.c ****   }
 114              		.loc 1 64 5 view .LVU27
 115 0050 FFF7FEFF 		bl	Error_Handler
 116              	.LVL6:
 117              		.loc 1 70 1 is_stmt 0 view .LVU28
 118 0054 F3E7     		b	.L1
 119              	.L10:
 120 0056 00BF     		.align	2
 121              	.L9:
 122 0058 00000000 		.word	hdac1
 123 005c 00740040 		.word	1073771520
 124              		.cfi_endproc
 125              	.LFE144:
 127              		.section	.text.HAL_DAC_MspInit,"ax",%progbits
 128              		.align	1
 129              		.global	HAL_DAC_MspInit
 130              		.syntax unified
 131              		.thumb
 132              		.thumb_func
 133              		.fpu fpv5-d16
 135              	HAL_DAC_MspInit:
 136              	.LVL7:
 137              	.LFB145:
  71:Core/Src/dac.c **** 
  72:Core/Src/dac.c **** void HAL_DAC_MspInit(DAC_HandleTypeDef* dacHandle)
  73:Core/Src/dac.c **** {
 138              		.loc 1 73 1 is_stmt 1 view -0
 139              		.cfi_startproc
 140              		@ args = 0, pretend = 0, frame = 32
 141              		@ frame_needed = 0, uses_anonymous_args = 0
 142              		.loc 1 73 1 is_stmt 0 view .LVU30
 143 0000 10B5     		push	{r4, lr}
 144              	.LCFI4:
 145              		.cfi_def_cfa_offset 8
 146              		.cfi_offset 4, -8
 147              		.cfi_offset 14, -4
 148 0002 88B0     		sub	sp, sp, #32
 149              	.LCFI5:
 150              		.cfi_def_cfa_offset 40
  74:Core/Src/dac.c **** 
  75:Core/Src/dac.c ****   GPIO_InitTypeDef GPIO_InitStruct = {0};
 151              		.loc 1 75 3 is_stmt 1 view .LVU31
 152              		.loc 1 75 20 is_stmt 0 view .LVU32
 153 0004 0023     		movs	r3, #0
ARM GAS  /tmp/cc52fpGd.s 			page 5


 154 0006 0393     		str	r3, [sp, #12]
 155 0008 0493     		str	r3, [sp, #16]
 156 000a 0593     		str	r3, [sp, #20]
 157 000c 0693     		str	r3, [sp, #24]
 158 000e 0793     		str	r3, [sp, #28]
  76:Core/Src/dac.c ****   if(dacHandle->Instance==DAC1)
 159              		.loc 1 76 3 is_stmt 1 view .LVU33
 160              		.loc 1 76 15 is_stmt 0 view .LVU34
 161 0010 0268     		ldr	r2, [r0]
 162              		.loc 1 76 5 view .LVU35
 163 0012 184B     		ldr	r3, .L15
 164 0014 9A42     		cmp	r2, r3
 165 0016 01D0     		beq	.L14
 166              	.LVL8:
 167              	.L11:
  77:Core/Src/dac.c ****   {
  78:Core/Src/dac.c ****   /* USER CODE BEGIN DAC1_MspInit 0 */
  79:Core/Src/dac.c **** 
  80:Core/Src/dac.c ****   /* USER CODE END DAC1_MspInit 0 */
  81:Core/Src/dac.c ****     /* DAC1 clock enable */
  82:Core/Src/dac.c ****     __HAL_RCC_DAC12_CLK_ENABLE();
  83:Core/Src/dac.c **** 
  84:Core/Src/dac.c ****     __HAL_RCC_GPIOA_CLK_ENABLE();
  85:Core/Src/dac.c ****     /**DAC1 GPIO Configuration
  86:Core/Src/dac.c ****     PA4     ------> DAC1_OUT1
  87:Core/Src/dac.c ****     PA5     ------> DAC1_OUT2
  88:Core/Src/dac.c ****     */
  89:Core/Src/dac.c ****     GPIO_InitStruct.Pin = GPIO_PIN_4|GPIO_PIN_5;
  90:Core/Src/dac.c ****     GPIO_InitStruct.Mode = GPIO_MODE_ANALOG;
  91:Core/Src/dac.c ****     GPIO_InitStruct.Pull = GPIO_NOPULL;
  92:Core/Src/dac.c ****     HAL_GPIO_Init(GPIOA, &GPIO_InitStruct);
  93:Core/Src/dac.c **** 
  94:Core/Src/dac.c ****     /* DAC1 interrupt Init */
  95:Core/Src/dac.c ****     HAL_NVIC_SetPriority(TIM6_DAC_IRQn, 15, 0);
  96:Core/Src/dac.c ****     HAL_NVIC_EnableIRQ(TIM6_DAC_IRQn);
  97:Core/Src/dac.c ****   /* USER CODE BEGIN DAC1_MspInit 1 */
  98:Core/Src/dac.c **** 
  99:Core/Src/dac.c ****   /* USER CODE END DAC1_MspInit 1 */
 100:Core/Src/dac.c ****   }
 101:Core/Src/dac.c **** }
 168              		.loc 1 101 1 view .LVU36
 169 0018 08B0     		add	sp, sp, #32
 170              	.LCFI6:
 171              		.cfi_remember_state
 172              		.cfi_def_cfa_offset 8
 173              		@ sp needed
 174 001a 10BD     		pop	{r4, pc}
 175              	.LVL9:
 176              	.L14:
 177              	.LCFI7:
 178              		.cfi_restore_state
  82:Core/Src/dac.c **** 
 179              		.loc 1 82 5 is_stmt 1 view .LVU37
 180              	.LBB2:
  82:Core/Src/dac.c **** 
 181              		.loc 1 82 5 view .LVU38
  82:Core/Src/dac.c **** 
ARM GAS  /tmp/cc52fpGd.s 			page 6


 182              		.loc 1 82 5 view .LVU39
 183 001c 164B     		ldr	r3, .L15+4
 184 001e D3F8E820 		ldr	r2, [r3, #232]
 185 0022 42F00052 		orr	r2, r2, #536870912
 186 0026 C3F8E820 		str	r2, [r3, #232]
  82:Core/Src/dac.c **** 
 187              		.loc 1 82 5 view .LVU40
 188 002a D3F8E820 		ldr	r2, [r3, #232]
 189 002e 02F00052 		and	r2, r2, #536870912
 190 0032 0192     		str	r2, [sp, #4]
  82:Core/Src/dac.c **** 
 191              		.loc 1 82 5 view .LVU41
 192 0034 019A     		ldr	r2, [sp, #4]
 193              	.LBE2:
  82:Core/Src/dac.c **** 
 194              		.loc 1 82 5 view .LVU42
  84:Core/Src/dac.c ****     /**DAC1 GPIO Configuration
 195              		.loc 1 84 5 view .LVU43
 196              	.LBB3:
  84:Core/Src/dac.c ****     /**DAC1 GPIO Configuration
 197              		.loc 1 84 5 view .LVU44
  84:Core/Src/dac.c ****     /**DAC1 GPIO Configuration
 198              		.loc 1 84 5 view .LVU45
 199 0036 D3F8E020 		ldr	r2, [r3, #224]
 200 003a 42F00102 		orr	r2, r2, #1
 201 003e C3F8E020 		str	r2, [r3, #224]
  84:Core/Src/dac.c ****     /**DAC1 GPIO Configuration
 202              		.loc 1 84 5 view .LVU46
 203 0042 D3F8E030 		ldr	r3, [r3, #224]
 204 0046 03F00103 		and	r3, r3, #1
 205 004a 0293     		str	r3, [sp, #8]
  84:Core/Src/dac.c ****     /**DAC1 GPIO Configuration
 206              		.loc 1 84 5 view .LVU47
 207 004c 029B     		ldr	r3, [sp, #8]
 208              	.LBE3:
  84:Core/Src/dac.c ****     /**DAC1 GPIO Configuration
 209              		.loc 1 84 5 view .LVU48
  89:Core/Src/dac.c ****     GPIO_InitStruct.Mode = GPIO_MODE_ANALOG;
 210              		.loc 1 89 5 view .LVU49
  89:Core/Src/dac.c ****     GPIO_InitStruct.Mode = GPIO_MODE_ANALOG;
 211              		.loc 1 89 25 is_stmt 0 view .LVU50
 212 004e 3023     		movs	r3, #48
 213 0050 0393     		str	r3, [sp, #12]
  90:Core/Src/dac.c ****     GPIO_InitStruct.Pull = GPIO_NOPULL;
 214              		.loc 1 90 5 is_stmt 1 view .LVU51
  90:Core/Src/dac.c ****     GPIO_InitStruct.Pull = GPIO_NOPULL;
 215              		.loc 1 90 26 is_stmt 0 view .LVU52
 216 0052 0323     		movs	r3, #3
 217 0054 0493     		str	r3, [sp, #16]
  91:Core/Src/dac.c ****     HAL_GPIO_Init(GPIOA, &GPIO_InitStruct);
 218              		.loc 1 91 5 is_stmt 1 view .LVU53
  91:Core/Src/dac.c ****     HAL_GPIO_Init(GPIOA, &GPIO_InitStruct);
 219              		.loc 1 91 26 is_stmt 0 view .LVU54
 220 0056 0024     		movs	r4, #0
 221 0058 0594     		str	r4, [sp, #20]
  92:Core/Src/dac.c **** 
 222              		.loc 1 92 5 is_stmt 1 view .LVU55
ARM GAS  /tmp/cc52fpGd.s 			page 7


 223 005a 03A9     		add	r1, sp, #12
 224 005c 0748     		ldr	r0, .L15+8
 225              	.LVL10:
  92:Core/Src/dac.c **** 
 226              		.loc 1 92 5 is_stmt 0 view .LVU56
 227 005e FFF7FEFF 		bl	HAL_GPIO_Init
 228              	.LVL11:
  95:Core/Src/dac.c ****     HAL_NVIC_EnableIRQ(TIM6_DAC_IRQn);
 229              		.loc 1 95 5 is_stmt 1 view .LVU57
 230 0062 2246     		mov	r2, r4
 231 0064 0F21     		movs	r1, #15
 232 0066 3620     		movs	r0, #54
 233 0068 FFF7FEFF 		bl	HAL_NVIC_SetPriority
 234              	.LVL12:
  96:Core/Src/dac.c ****   /* USER CODE BEGIN DAC1_MspInit 1 */
 235              		.loc 1 96 5 view .LVU58
 236 006c 3620     		movs	r0, #54
 237 006e FFF7FEFF 		bl	HAL_NVIC_EnableIRQ
 238              	.LVL13:
 239              		.loc 1 101 1 is_stmt 0 view .LVU59
 240 0072 D1E7     		b	.L11
 241              	.L16:
 242              		.align	2
 243              	.L15:
 244 0074 00740040 		.word	1073771520
 245 0078 00440258 		.word	1476543488
 246 007c 00000258 		.word	1476526080
 247              		.cfi_endproc
 248              	.LFE145:
 250              		.section	.text.HAL_DAC_MspDeInit,"ax",%progbits
 251              		.align	1
 252              		.global	HAL_DAC_MspDeInit
 253              		.syntax unified
 254              		.thumb
 255              		.thumb_func
 256              		.fpu fpv5-d16
 258              	HAL_DAC_MspDeInit:
 259              	.LVL14:
 260              	.LFB146:
 102:Core/Src/dac.c **** 
 103:Core/Src/dac.c **** void HAL_DAC_MspDeInit(DAC_HandleTypeDef* dacHandle)
 104:Core/Src/dac.c **** {
 261              		.loc 1 104 1 is_stmt 1 view -0
 262              		.cfi_startproc
 263              		@ args = 0, pretend = 0, frame = 0
 264              		@ frame_needed = 0, uses_anonymous_args = 0
 265              		.loc 1 104 1 is_stmt 0 view .LVU61
 266 0000 08B5     		push	{r3, lr}
 267              	.LCFI8:
 268              		.cfi_def_cfa_offset 8
 269              		.cfi_offset 3, -8
 270              		.cfi_offset 14, -4
 105:Core/Src/dac.c **** 
 106:Core/Src/dac.c ****   if(dacHandle->Instance==DAC1)
 271              		.loc 1 106 3 is_stmt 1 view .LVU62
 272              		.loc 1 106 15 is_stmt 0 view .LVU63
 273 0002 0268     		ldr	r2, [r0]
ARM GAS  /tmp/cc52fpGd.s 			page 8


 274              		.loc 1 106 5 view .LVU64
 275 0004 094B     		ldr	r3, .L21
 276 0006 9A42     		cmp	r2, r3
 277 0008 00D0     		beq	.L20
 278              	.LVL15:
 279              	.L17:
 107:Core/Src/dac.c ****   {
 108:Core/Src/dac.c ****   /* USER CODE BEGIN DAC1_MspDeInit 0 */
 109:Core/Src/dac.c **** 
 110:Core/Src/dac.c ****   /* USER CODE END DAC1_MspDeInit 0 */
 111:Core/Src/dac.c ****     /* Peripheral clock disable */
 112:Core/Src/dac.c ****     __HAL_RCC_DAC12_CLK_DISABLE();
 113:Core/Src/dac.c **** 
 114:Core/Src/dac.c ****     /**DAC1 GPIO Configuration
 115:Core/Src/dac.c ****     PA4     ------> DAC1_OUT1
 116:Core/Src/dac.c ****     PA5     ------> DAC1_OUT2
 117:Core/Src/dac.c ****     */
 118:Core/Src/dac.c ****     HAL_GPIO_DeInit(GPIOA, GPIO_PIN_4|GPIO_PIN_5);
 119:Core/Src/dac.c **** 
 120:Core/Src/dac.c ****     /* DAC1 interrupt Deinit */
 121:Core/Src/dac.c ****     HAL_NVIC_DisableIRQ(TIM6_DAC_IRQn);
 122:Core/Src/dac.c ****   /* USER CODE BEGIN DAC1_MspDeInit 1 */
 123:Core/Src/dac.c **** 
 124:Core/Src/dac.c ****   /* USER CODE END DAC1_MspDeInit 1 */
 125:Core/Src/dac.c ****   }
 126:Core/Src/dac.c **** }
 280              		.loc 1 126 1 view .LVU65
 281 000a 08BD     		pop	{r3, pc}
 282              	.LVL16:
 283              	.L20:
 112:Core/Src/dac.c **** 
 284              		.loc 1 112 5 is_stmt 1 view .LVU66
 285 000c 084A     		ldr	r2, .L21+4
 286 000e D2F8E830 		ldr	r3, [r2, #232]
 287 0012 23F00053 		bic	r3, r3, #536870912
 288 0016 C2F8E830 		str	r3, [r2, #232]
 118:Core/Src/dac.c **** 
 289              		.loc 1 118 5 view .LVU67
 290 001a 3021     		movs	r1, #48
 291 001c 0548     		ldr	r0, .L21+8
 292              	.LVL17:
 118:Core/Src/dac.c **** 
 293              		.loc 1 118 5 is_stmt 0 view .LVU68
 294 001e FFF7FEFF 		bl	HAL_GPIO_DeInit
 295              	.LVL18:
 121:Core/Src/dac.c ****   /* USER CODE BEGIN DAC1_MspDeInit 1 */
 296              		.loc 1 121 5 is_stmt 1 view .LVU69
 297 0022 3620     		movs	r0, #54
 298 0024 FFF7FEFF 		bl	HAL_NVIC_DisableIRQ
 299              	.LVL19:
 300              		.loc 1 126 1 is_stmt 0 view .LVU70
 301 0028 EFE7     		b	.L17
 302              	.L22:
 303 002a 00BF     		.align	2
 304              	.L21:
 305 002c 00740040 		.word	1073771520
 306 0030 00440258 		.word	1476543488
ARM GAS  /tmp/cc52fpGd.s 			page 9


 307 0034 00000258 		.word	1476526080
 308              		.cfi_endproc
 309              	.LFE146:
 311              		.comm	hdac1,20,4
 312              		.text
 313              	.Letext0:
 314              		.file 2 "/usr/lib/gcc/arm-none-eabi/9.2.1/include/stdint.h"
 315              		.file 3 "Drivers/CMSIS/Include/core_cm7.h"
 316              		.file 4 "Drivers/CMSIS/Device/ST/STM32H7xx/Include/system_stm32h7xx.h"
 317              		.file 5 "Drivers/CMSIS/Device/ST/STM32H7xx/Include/stm32h743xx.h"
 318              		.file 6 "/usr/lib/gcc/arm-none-eabi/9.2.1/include/stddef.h"
 319              		.file 7 "/usr/include/newlib/sys/_types.h"
 320              		.file 8 "/usr/include/newlib/sys/reent.h"
 321              		.file 9 "/usr/include/newlib/sys/lock.h"
 322              		.file 10 "/usr/include/newlib/math.h"
 323              		.file 11 "Drivers/STM32H7xx_HAL_Driver/Inc/stm32h7xx_hal_def.h"
 324              		.file 12 "Drivers/STM32H7xx_HAL_Driver/Inc/stm32h7xx_hal_gpio.h"
 325              		.file 13 "Drivers/STM32H7xx_HAL_Driver/Inc/stm32h7xx_hal_dma.h"
 326              		.file 14 "Drivers/STM32H7xx_HAL_Driver/Inc/stm32h7xx_hal_dac.h"
 327              		.file 15 "Drivers/STM32H7xx_HAL_Driver/Inc/stm32h7xx_hal_flash.h"
 328              		.file 16 "Drivers/STM32H7xx_HAL_Driver/Inc/stm32h7xx_hal_uart.h"
 329              		.file 17 "Drivers/STM32H7xx_HAL_Driver/Inc/stm32h7xx_hal.h"
 330              		.file 18 "Core/Inc/dac.h"
 331              		.file 19 "Drivers/STM32H7xx_HAL_Driver/Inc/stm32h7xx_hal_cortex.h"
 332              		.file 20 "Core/Inc/main.h"
 333              		.file 21 "<built-in>"
ARM GAS  /tmp/cc52fpGd.s 			page 10


DEFINED SYMBOLS
                            *ABS*:0000000000000000 dac.c
     /tmp/cc52fpGd.s:17     .text.MX_DAC1_Init:0000000000000000 $t
     /tmp/cc52fpGd.s:25     .text.MX_DAC1_Init:0000000000000000 MX_DAC1_Init
     /tmp/cc52fpGd.s:122    .text.MX_DAC1_Init:0000000000000058 $d
                            *COM*:0000000000000014 hdac1
     /tmp/cc52fpGd.s:128    .text.HAL_DAC_MspInit:0000000000000000 $t
     /tmp/cc52fpGd.s:135    .text.HAL_DAC_MspInit:0000000000000000 HAL_DAC_MspInit
     /tmp/cc52fpGd.s:244    .text.HAL_DAC_MspInit:0000000000000074 $d
     /tmp/cc52fpGd.s:251    .text.HAL_DAC_MspDeInit:0000000000000000 $t
     /tmp/cc52fpGd.s:258    .text.HAL_DAC_MspDeInit:0000000000000000 HAL_DAC_MspDeInit
     /tmp/cc52fpGd.s:305    .text.HAL_DAC_MspDeInit:000000000000002c $d

UNDEFINED SYMBOLS
memset
HAL_DAC_Init
HAL_DAC_ConfigChannel
Error_Handler
HAL_GPIO_Init
HAL_NVIC_SetPriority
HAL_NVIC_EnableIRQ
HAL_GPIO_DeInit
HAL_NVIC_DisableIRQ
