ARM GAS  /tmp/ccKbgGf8.s 			page 1


   1              		.cpu cortex-m7
   2              		.eabi_attribute 28, 1
   3              		.eabi_attribute 20, 1
   4              		.eabi_attribute 21, 1
   5              		.eabi_attribute 23, 3
   6              		.eabi_attribute 24, 1
   7              		.eabi_attribute 25, 1
   8              		.eabi_attribute 26, 1
   9              		.eabi_attribute 30, 1
  10              		.eabi_attribute 34, 1
  11              		.eabi_attribute 18, 4
  12              		.file	"fatfs.c"
  13              		.text
  14              	.Ltext0:
  15              		.cfi_sections	.debug_frame
  16              		.section	.text.MX_FATFS_Init,"ax",%progbits
  17              		.align	1
  18              		.global	MX_FATFS_Init
  19              		.arch armv7e-m
  20              		.syntax unified
  21              		.thumb
  22              		.thumb_func
  23              		.fpu fpv5-d16
  25              	MX_FATFS_Init:
  26              	.LFB151:
  27              		.file 1 "FATFS/App/fatfs.c"
   1:FATFS/App/fatfs.c **** /**
   2:FATFS/App/fatfs.c ****   ******************************************************************************
   3:FATFS/App/fatfs.c ****   * @file   fatfs.c
   4:FATFS/App/fatfs.c ****   * @brief  Code for fatfs applications
   5:FATFS/App/fatfs.c ****   ******************************************************************************
   6:FATFS/App/fatfs.c ****   * @attention
   7:FATFS/App/fatfs.c ****   *
   8:FATFS/App/fatfs.c ****   * <h2><center>&copy; Copyright (c) 2022 STMicroelectronics.
   9:FATFS/App/fatfs.c ****   * All rights reserved.</center></h2>
  10:FATFS/App/fatfs.c ****   *
  11:FATFS/App/fatfs.c ****   * This software component is licensed by ST under Ultimate Liberty license
  12:FATFS/App/fatfs.c ****   * SLA0044, the "License"; You may not use this file except in compliance with
  13:FATFS/App/fatfs.c ****   * the License. You may obtain a copy of the License at:
  14:FATFS/App/fatfs.c ****   *                             www.st.com/SLA0044
  15:FATFS/App/fatfs.c ****   *
  16:FATFS/App/fatfs.c ****   ******************************************************************************
  17:FATFS/App/fatfs.c ****   */
  18:FATFS/App/fatfs.c **** 
  19:FATFS/App/fatfs.c **** #include "fatfs.h"
  20:FATFS/App/fatfs.c **** 
  21:FATFS/App/fatfs.c **** uint8_t retUSBH;    /* Return value for USBH */
  22:FATFS/App/fatfs.c **** char USBHPath[4];   /* USBH logical drive path */
  23:FATFS/App/fatfs.c **** FATFS USBHFatFS;    /* File system object for USBH logical drive */
  24:FATFS/App/fatfs.c **** FIL USBHFile;       /* File object for USBH */
  25:FATFS/App/fatfs.c **** 
  26:FATFS/App/fatfs.c **** /* USER CODE BEGIN Variables */
  27:FATFS/App/fatfs.c **** 
  28:FATFS/App/fatfs.c **** /* USER CODE END Variables */
  29:FATFS/App/fatfs.c **** 
  30:FATFS/App/fatfs.c **** void MX_FATFS_Init(void)
  31:FATFS/App/fatfs.c **** {
ARM GAS  /tmp/ccKbgGf8.s 			page 2


  28              		.loc 1 31 1 view -0
  29              		.cfi_startproc
  30              		@ args = 0, pretend = 0, frame = 0
  31              		@ frame_needed = 0, uses_anonymous_args = 0
  32 0000 08B5     		push	{r3, lr}
  33              	.LCFI0:
  34              		.cfi_def_cfa_offset 8
  35              		.cfi_offset 3, -8
  36              		.cfi_offset 14, -4
  32:FATFS/App/fatfs.c ****   /*## FatFS: Link the USBH driver ###########################*/
  33:FATFS/App/fatfs.c ****   retUSBH = FATFS_LinkDriver(&USBH_Driver, USBHPath);
  37              		.loc 1 33 3 view .LVU1
  38              		.loc 1 33 13 is_stmt 0 view .LVU2
  39 0002 0349     		ldr	r1, .L3
  40 0004 0348     		ldr	r0, .L3+4
  41 0006 FFF7FEFF 		bl	FATFS_LinkDriver
  42              	.LVL0:
  43              		.loc 1 33 11 view .LVU3
  44 000a 034B     		ldr	r3, .L3+8
  45 000c 1870     		strb	r0, [r3]
  34:FATFS/App/fatfs.c **** 
  35:FATFS/App/fatfs.c ****   /* USER CODE BEGIN Init */
  36:FATFS/App/fatfs.c ****   /* additional user code for init */
  37:FATFS/App/fatfs.c ****   /* USER CODE END Init */
  38:FATFS/App/fatfs.c **** }
  46              		.loc 1 38 1 view .LVU4
  47 000e 08BD     		pop	{r3, pc}
  48              	.L4:
  49              		.align	2
  50              	.L3:
  51 0010 00000000 		.word	USBHPath
  52 0014 00000000 		.word	USBH_Driver
  53 0018 00000000 		.word	retUSBH
  54              		.cfi_endproc
  55              	.LFE151:
  57              		.section	.text.get_fattime,"ax",%progbits
  58              		.align	1
  59              		.global	get_fattime
  60              		.syntax unified
  61              		.thumb
  62              		.thumb_func
  63              		.fpu fpv5-d16
  65              	get_fattime:
  66              	.LFB152:
  39:FATFS/App/fatfs.c **** 
  40:FATFS/App/fatfs.c **** /**
  41:FATFS/App/fatfs.c ****   * @brief  Gets Time from RTC
  42:FATFS/App/fatfs.c ****   * @param  None
  43:FATFS/App/fatfs.c ****   * @retval Time in DWORD
  44:FATFS/App/fatfs.c ****   */
  45:FATFS/App/fatfs.c **** DWORD get_fattime(void)
  46:FATFS/App/fatfs.c **** {
  67              		.loc 1 46 1 is_stmt 1 view -0
  68              		.cfi_startproc
  69              		@ args = 0, pretend = 0, frame = 0
  70              		@ frame_needed = 0, uses_anonymous_args = 0
  71              		@ link register save eliminated.
ARM GAS  /tmp/ccKbgGf8.s 			page 3


  47:FATFS/App/fatfs.c ****   /* USER CODE BEGIN get_fattime */
  48:FATFS/App/fatfs.c ****   return 0;
  72              		.loc 1 48 3 view .LVU6
  49:FATFS/App/fatfs.c ****   /* USER CODE END get_fattime */
  50:FATFS/App/fatfs.c **** }
  73              		.loc 1 50 1 is_stmt 0 view .LVU7
  74 0000 0020     		movs	r0, #0
  75 0002 7047     		bx	lr
  76              		.cfi_endproc
  77              	.LFE152:
  79              		.comm	USBHFile,600,8
  80              		.comm	USBHFatFS,588,4
  81              		.comm	USBHPath,4,4
  82              		.comm	retUSBH,1,1
  83              		.text
  84              	.Letext0:
  85              		.file 2 "Middlewares/Third_Party/FatFs/src/integer.h"
  86              		.file 3 "/usr/lib/gcc/arm-none-eabi/9.2.1/include/stdint.h"
  87              		.file 4 "Drivers/CMSIS/Include/core_cm7.h"
  88              		.file 5 "Drivers/CMSIS/Device/ST/STM32H7xx/Include/system_stm32h7xx.h"
  89              		.file 6 "/usr/lib/gcc/arm-none-eabi/9.2.1/include/stddef.h"
  90              		.file 7 "/usr/include/newlib/sys/_types.h"
  91              		.file 8 "/usr/include/newlib/sys/reent.h"
  92              		.file 9 "/usr/include/newlib/sys/lock.h"
  93              		.file 10 "/usr/include/newlib/math.h"
  94              		.file 11 "Drivers/STM32H7xx_HAL_Driver/Inc/stm32h7xx_hal_def.h"
  95              		.file 12 "Drivers/STM32H7xx_HAL_Driver/Inc/stm32h7xx_hal_flash.h"
  96              		.file 13 "Drivers/STM32H7xx_HAL_Driver/Inc/stm32h7xx_hal_uart.h"
  97              		.file 14 "Drivers/STM32H7xx_HAL_Driver/Inc/stm32h7xx_hal.h"
  98              		.file 15 "/usr/include/newlib/stdlib.h"
  99              		.file 16 "Middlewares/Third_Party/FreeRTOS/Source/CMSIS_RTOS_V2/cmsis_os2.h"
 100              		.file 17 "Middlewares/ST/STM32_USB_Host_Library/Core/Inc/usbh_def.h"
 101              		.file 18 "Middlewares/ST/STM32_USB_Host_Library/Core/Inc/usbh_ctlreq.h"
 102              		.file 19 "Middlewares/ST/STM32_USB_Host_Library/Class/MSC/Inc/usbh_msc.h"
 103              		.file 20 "Middlewares/Third_Party/FatFs/src/ff.h"
 104              		.file 21 "Middlewares/Third_Party/FatFs/src/diskio.h"
 105              		.file 22 "Middlewares/Third_Party/FatFs/src/ff_gen_drv.h"
 106              		.file 23 "FATFS/Target/usbh_diskio.h"
 107              		.file 24 "FATFS/App/fatfs.h"
ARM GAS  /tmp/ccKbgGf8.s 			page 4


DEFINED SYMBOLS
                            *ABS*:0000000000000000 fatfs.c
     /tmp/ccKbgGf8.s:17     .text.MX_FATFS_Init:0000000000000000 $t
     /tmp/ccKbgGf8.s:25     .text.MX_FATFS_Init:0000000000000000 MX_FATFS_Init
     /tmp/ccKbgGf8.s:51     .text.MX_FATFS_Init:0000000000000010 $d
                            *COM*:0000000000000004 USBHPath
                            *COM*:0000000000000001 retUSBH
     /tmp/ccKbgGf8.s:58     .text.get_fattime:0000000000000000 $t
     /tmp/ccKbgGf8.s:65     .text.get_fattime:0000000000000000 get_fattime
                            *COM*:0000000000000258 USBHFile
                            *COM*:000000000000024c USBHFatFS

UNDEFINED SYMBOLS
FATFS_LinkDriver
USBH_Driver
